<?xml version="1.0" encoding="UTF-8"?>
<!-- Generated by org.testng.reporters.JUnitReportReporter -->
<testsuite hostname="DESKTOP-7965B6N" name="runner.TestRunner" tests="2" failures="0" timestamp="7 May 2020 01:09:16 GMT" time="15.366" errors="0">
  <testcase name="feature" time="15.257" classname="runner.TestRunner"/>
  <testcase name="feature" time="0.109" classname="runner.TestRunner"/>
</testsuite> <!-- runner.TestRunner -->
