<?xml version="1.0" encoding="UTF-8"?>
<!-- Generated by org.testng.reporters.JUnitReportReporter -->
<testsuite hostname="DESKTOP-7965B6N" name="runner.TestRunner" tests="2" failures="0" timestamp="6 May 2020 10:38:32 GMT" time="13.616" errors="0">
  <testcase name="feature" time="0.118" classname="runner.TestRunner"/>
  <testcase name="feature" time="13.498" classname="runner.TestRunner"/>
</testsuite> <!-- runner.TestRunner -->
