<?xml version="1.0" encoding="UTF-8"?>
<!-- Generated by org.testng.reporters.JUnitReportReporter -->
<testsuite hostname="DESKTOP-7965B6N" name="runner.TestRunner" tests="2" failures="0" timestamp="6 May 2020 10:43:33 GMT" time="13.644" errors="0">
  <testcase name="feature" time="0.102" classname="runner.TestRunner"/>
  <testcase name="feature" time="13.542" classname="runner.TestRunner"/>
</testsuite> <!-- runner.TestRunner -->
